<?xml version='1.0' encoding='UTF-8'?>
<testsuite hostname="fedora" name="kamon.metric.MetricScaleDecoratorSpec" tests="5" errors="0" failures="0" time="0.009">
                     <properties>
[...]
</properties>
                     <testcase classname="kamon.metric.MetricScaleDecoratorSpec" name="the MetricScaleDecorator when receives a snapshot which is empty should do nothing for empty snapshots" time="0.004">
                                                 
                                               </testcase><testcase classname="kamon.metric.MetricScaleDecoratorSpec" name="the MetricScaleDecorator when receives a snapshot which is non empty should scale time metrics" time="0.003">
                                                 
                                               </testcase><testcase classname="kamon.metric.MetricScaleDecoratorSpec" name="the MetricScaleDecorator when receives a snapshot which is non empty should scale memory metrics" time="0.001">
                                                 
                                               </testcase><testcase classname="kamon.metric.MetricScaleDecoratorSpec" name="the MetricScaleDecorator when receives a snapshot which is non empty should do nothing with unknown metrics" time="0.001">
                                                 
                                               </testcase><testcase classname="kamon.metric.MetricScaleDecoratorSpec" name="the MetricScaleDecorator when receives a snapshot which is non empty should not change from and to" time="0.0">
                                                 
                                               </testcase>
                     <system-out></system-out>
                     <system-err></system-err>
                   </testsuite>