<?xml version='1.0' encoding='UTF-8'?>
<testsuite hostname="fedora" name="kamon.metric.SimpleMetricsSpec" tests="11" errors="0" failures="0" time="0.032">
                     <properties>
[...]
</properties>
                     <testcase classname="kamon.metric.SimpleMetricsSpec" name="the SimpleMetrics extension should allow registering a fully configured Histogram and get the same Histogram if registering again" time="0.008">
                                                 
                                               </testcase><testcase classname="kamon.metric.SimpleMetricsSpec" name="the SimpleMetrics extension should return the original Histogram when registering a fully configured Histogram for second time but with different settings" time="0.0">
                                                 
                                               </testcase><testcase classname="kamon.metric.SimpleMetricsSpec" name="precision settings" time="0.0">
                                                 
                                               </testcase><testcase classname="kamon.metric.SimpleMetricsSpec" name="the SimpleMetrics extension should allow registering a Counter and get the same Counter if registering again" time="0.006">
                                                 
                                               </testcase><testcase classname="kamon.metric.SimpleMetricsSpec" name="the SimpleMetrics extension should allow registering a fully configured MinMaxCounter and get the same MinMaxCounter if registering again" time="0.003">
                                                 
                                               </testcase><testcase classname="kamon.metric.SimpleMetricsSpec" name="the SimpleMetrics extension should return the original MinMaxCounter when registering a fully configured MinMaxCounter for second time but with different settings" time="0.0">
                                                 
                                               </testcase><testcase classname="kamon.metric.SimpleMetricsSpec" name="precision settings" time="0.0">
                                                 
                                               </testcase><testcase classname="kamon.metric.SimpleMetricsSpec" name="the SimpleMetrics extension should allow registering a fully configured Gauge and get the same Gauge if registering again" time="0.005">
                                                 
                                               </testcase><testcase classname="kamon.metric.SimpleMetricsSpec" name="the SimpleMetrics extension should return the original Gauge when registering a fully configured Gauge for second time but with different settings" time="0.0">
                                                 
                                               </testcase><testcase classname="kamon.metric.SimpleMetricsSpec" name="precision settings" time="0.001">
                                                 
                                               </testcase><testcase classname="kamon.metric.SimpleMetricsSpec" name="the SimpleMetrics extension should allow un-registering user metrics" time="0.009">
                                                 
                                               </testcase>
                     <system-out></system-out>
                     <system-err></system-err>
                   </testsuite>